{"/home/ec2-user/environment/class/index.js":{"path":"/home/ec2-user/environment/class/index.js","s":{"1":1,"2":1,"3":1,"4":1,"5":1,"6":1,"7":1,"8":0,"9":1,"10":5,"11":5,"12":1,"13":4,"14":6,"15":6,"16":1,"17":9,"18":9,"19":0,"20":0,"21":0,"22":0,"23":9,"24":14,"25":14,"26":4,"27":4,"28":4,"29":6,"30":4,"31":4,"32":0,"33":4,"34":4,"35":0,"36":14,"37":9,"38":1,"39":1,"40":9,"41":9,"42":4,"43":1,"44":11,"45":9,"46":9,"47":9,"48":9,"49":4,"50":4,"51":4,"52":9,"53":8,"54":9,"55":3,"56":9,"57":9,"58":1},"b":{"1":[1,0],"2":[0,5],"3":[5,1],"4":[9,4],"5":[0,9],"6":[0,0],"7":[0,0],"8":[4,10],"9":[14,5,5],"10":[4,5],"11":[4,5],"12":[3,6]},"f":{"1":1,"2":5,"3":4,"4":6,"5":9,"6":4,"7":6,"8":4,"9":0,"10":4,"11":0,"12":9,"13":11},"fnMap":{"1":{"name":"(anonymous_1)","line":15,"loc":{"start":{"line":15,"column":25},"end":{"line":15,"column":36}}},"2":{"name":"getArgs","line":23,"loc":{"start":{"line":23,"column":0},"end":{"line":23,"column":21}}},"3":{"name":"wrap","line":30,"loc":{"start":{"line":30,"column":0},"end":{"line":30,"column":27}}},"4":{"name":"(anonymous_4)","line":31,"loc":{"start":{"line":31,"column":8},"end":{"line":31,"column":19}}},"5":{"name":"extend","line":37,"loc":{"start":{"line":37,"column":0},"end":{"line":37,"column":24}}},"6":{"name":"(anonymous_6)","line":58,"loc":{"start":{"line":58,"column":17},"end":{"line":58,"column":29}}},"7":{"name":"(anonymous_7)","line":59,"loc":{"start":{"line":59,"column":11},"end":{"line":59,"column":22}}},"8":{"name":"(anonymous_8)","line":70,"loc":{"start":{"line":70,"column":20},"end":{"line":70,"column":37}}},"9":{"name":"(anonymous_9)","line":71,"loc":{"start":{"line":71,"column":11},"end":{"line":71,"column":22}}},"10":{"name":"(anonymous_10)","line":74,"loc":{"start":{"line":74,"column":21},"end":{"line":74,"column":38}}},"11":{"name":"(anonymous_11)","line":75,"loc":{"start":{"line":75,"column":11},"end":{"line":75,"column":22}}},"12":{"name":"Class","line":89,"loc":{"start":{"line":89,"column":0},"end":{"line":89,"column":20}}},"13":{"name":"klass","line":95,"loc":{"start":{"line":95,"column":1},"end":{"line":95,"column":18}}}},"statementMap":{"1":{"start":{"line":3,"column":0},"end":{"line":3,"column":42}},"2":{"start":{"line":4,"column":0},"end":{"line":4,"column":38}},"3":{"start":{"line":5,"column":0},"end":{"line":5,"column":34}},"4":{"start":{"line":15,"column":0},"end":{"line":21,"column":5}},"5":{"start":{"line":16,"column":1},"end":{"line":19,"column":2}},"6":{"start":{"line":18,"column":2},"end":{"line":18,"column":37}},"7":{"start":{"line":18,"column":24},"end":{"line":18,"column":37}},"8":{"start":{"line":20,"column":1},"end":{"line":20,"column":13}},"9":{"start":{"line":23,"column":0},"end":{"line":28,"column":1}},"10":{"start":{"line":24,"column":1},"end":{"line":26,"column":34}},"11":{"start":{"line":27,"column":1},"end":{"line":27,"column":49}},"12":{"start":{"line":30,"column":0},"end":{"line":35,"column":1}},"13":{"start":{"line":31,"column":1},"end":{"line":34,"column":2}},"14":{"start":{"line":32,"column":2},"end":{"line":32,"column":45}},"15":{"start":{"line":33,"column":2},"end":{"line":33,"column":32}},"16":{"start":{"line":37,"column":0},"end":{"line":83,"column":1}},"17":{"start":{"line":38,"column":1},"end":{"line":39,"column":35}},"18":{"start":{"line":44,"column":1},"end":{"line":50,"column":2}},"19":{"start":{"line":45,"column":2},"end":{"line":46,"column":31}},"20":{"start":{"line":46,"column":3},"end":{"line":46,"column":31}},"21":{"start":{"line":48,"column":2},"end":{"line":49,"column":30}},"22":{"start":{"line":49,"column":3},"end":{"line":49,"column":30}},"23":{"start":{"line":52,"column":1},"end":{"line":80,"column":2}},"24":{"start":{"line":53,"column":2},"end":{"line":53,"column":57}},"25":{"start":{"line":55,"column":2},"end":{"line":77,"column":3}},"26":{"start":{"line":56,"column":3},"end":{"line":56,"column":22}},"27":{"start":{"line":58,"column":3},"end":{"line":60,"column":25}},"28":{"start":{"line":59,"column":4},"end":{"line":59,"column":69}},"29":{"start":{"line":59,"column":24},"end":{"line":59,"column":66}},"30":{"start":{"line":70,"column":3},"end":{"line":72,"column":14}},"31":{"start":{"line":71,"column":4},"end":{"line":71,"column":62}},"32":{"start":{"line":71,"column":24},"end":{"line":71,"column":59}},"33":{"start":{"line":74,"column":3},"end":{"line":76,"column":14}},"34":{"start":{"line":75,"column":4},"end":{"line":75,"column":63}},"35":{"start":{"line":75,"column":24},"end":{"line":75,"column":60}},"36":{"start":{"line":79,"column":2},"end":{"line":79,"column":35}},"37":{"start":{"line":82,"column":1},"end":{"line":82,"column":13}},"38":{"start":{"line":85,"column":0},"end":{"line":87,"column":2}},"39":{"start":{"line":89,"column":0},"end":{"line":117,"column":1}},"40":{"start":{"line":90,"column":4},"end":{"line":90,"column":58}},"41":{"start":{"line":92,"column":1},"end":{"line":93,"column":30}},"42":{"start":{"line":93,"column":2},"end":{"line":93,"column":30}},"43":{"start":{"line":95,"column":1},"end":{"line":97,"column":2}},"44":{"start":{"line":96,"column":2},"end":{"line":96,"column":41}},"45":{"start":{"line":99,"column":1},"end":{"line":99,"column":26}},"46":{"start":{"line":100,"column":1},"end":{"line":100,"column":27}},"47":{"start":{"line":101,"column":1},"end":{"line":101,"column":23}},"48":{"start":{"line":103,"column":1},"end":{"line":107,"column":2}},"49":{"start":{"line":104,"column":2},"end":{"line":104,"column":36}},"50":{"start":{"line":105,"column":2},"end":{"line":105,"column":29}},"51":{"start":{"line":106,"column":2},"end":{"line":106,"column":32}},"52":{"start":{"line":109,"column":1},"end":{"line":110,"column":30}},"53":{"start":{"line":110,"column":2},"end":{"line":110,"column":30}},"54":{"start":{"line":112,"column":1},"end":{"line":113,"column":36}},"55":{"start":{"line":113,"column":2},"end":{"line":113,"column":36}},"56":{"start":{"line":115,"column":1},"end":{"line":115,"column":37}},"57":{"start":{"line":116,"column":1},"end":{"line":116,"column":14}},"58":{"start":{"line":119,"column":0},"end":{"line":119,"column":23}}},"branchMap":{"1":{"line":18,"type":"if","locations":[{"start":{"line":18,"column":2},"end":{"line":18,"column":2}},{"start":{"line":18,"column":2},"end":{"line":18,"column":2}}]},"2":{"line":27,"type":"cond-expr","locations":[{"start":{"line":27,"column":39},"end":{"line":27,"column":41}},{"start":{"line":27,"column":44},"end":{"line":27,"column":48}}]},"3":{"line":27,"type":"binary-expr","locations":[{"start":{"line":27,"column":8},"end":{"line":27,"column":24}},{"start":{"line":27,"column":28},"end":{"line":27,"column":36}}]},"4":{"line":38,"type":"binary-expr","locations":[{"start":{"line":38,"column":16},"end":{"line":38,"column":31}},{"start":{"line":38,"column":35},"end":{"line":38,"column":60}}]},"5":{"line":44,"type":"if","locations":[{"start":{"line":44,"column":1},"end":{"line":44,"column":1}},{"start":{"line":44,"column":1},"end":{"line":44,"column":1}}]},"6":{"line":45,"type":"if","locations":[{"start":{"line":45,"column":2},"end":{"line":45,"column":2}},{"start":{"line":45,"column":2},"end":{"line":45,"column":2}}]},"7":{"line":48,"type":"if","locations":[{"start":{"line":48,"column":2},"end":{"line":48,"column":2}},{"start":{"line":48,"column":2},"end":{"line":48,"column":2}}]},"8":{"line":55,"type":"if","locations":[{"start":{"line":55,"column":2},"end":{"line":55,"column":2}},{"start":{"line":55,"column":2},"end":{"line":55,"column":2}}]},"9":{"line":55,"type":"binary-expr","locations":[{"start":{"line":55,"column":6},"end":{"line":55,"column":14}},{"start":{"line":55,"column":19},"end":{"line":55,"column":47}},{"start":{"line":55,"column":52},"end":{"line":55,"column":82}}]},"10":{"line":92,"type":"if","locations":[{"start":{"line":92,"column":1},"end":{"line":92,"column":1}},{"start":{"line":92,"column":1},"end":{"line":92,"column":1}}]},"11":{"line":103,"type":"if","locations":[{"start":{"line":103,"column":1},"end":{"line":103,"column":1}},{"start":{"line":103,"column":1},"end":{"line":103,"column":1}}]},"12":{"line":112,"type":"if","locations":[{"start":{"line":112,"column":1},"end":{"line":112,"column":1}},{"start":{"line":112,"column":1},"end":{"line":112,"column":1}}]}}}}