TN:
SF:/home/ec2-user/environment/class/index.js
FN:15,(anonymous_1)
FN:23,getArgs
FN:30,wrap
FN:31,(anonymous_4)
FN:37,extend
FN:58,(anonymous_6)
FN:59,(anonymous_7)
FN:70,(anonymous_8)
FN:71,(anonymous_9)
FN:74,(anonymous_10)
FN:75,(anonymous_11)
FN:89,Class
FN:95,klass
FNF:13
FNH:11
FNDA:1,(anonymous_1)
FNDA:5,getArgs
FNDA:4,wrap
FNDA:6,(anonymous_4)
FNDA:9,extend
FNDA:4,(anonymous_6)
FNDA:6,(anonymous_7)
FNDA:4,(anonymous_8)
FNDA:0,(anonymous_9)
FNDA:4,(anonymous_10)
FNDA:0,(anonymous_11)
FNDA:9,Class
FNDA:11,klass
DA:3,1
DA:4,1
DA:5,1
DA:15,1
DA:16,1
DA:18,1
DA:20,0
DA:23,1
DA:24,5
DA:27,5
DA:30,1
DA:31,4
DA:32,6
DA:33,6
DA:37,1
DA:38,9
DA:44,9
DA:45,0
DA:46,0
DA:48,0
DA:49,0
DA:52,9
DA:53,14
DA:55,14
DA:56,4
DA:58,4
DA:59,6
DA:70,4
DA:71,4
DA:74,4
DA:75,4
DA:79,14
DA:82,9
DA:85,1
DA:89,1
DA:90,9
DA:92,9
DA:93,4
DA:95,1
DA:96,11
DA:99,9
DA:100,9
DA:101,9
DA:103,9
DA:104,4
DA:105,4
DA:106,4
DA:109,9
DA:110,8
DA:112,9
DA:113,3
DA:115,9
DA:116,9
DA:119,1
LF:54
LH:49
BRDA:18,1,0,1
BRDA:18,1,1,0
BRDA:27,2,0,0
BRDA:27,2,1,5
BRDA:27,3,0,5
BRDA:27,3,1,1
BRDA:38,4,0,9
BRDA:38,4,1,4
BRDA:44,5,0,0
BRDA:44,5,1,9
BRDA:45,6,0,0
BRDA:45,6,1,0
BRDA:48,7,0,0
BRDA:48,7,1,0
BRDA:55,8,0,4
BRDA:55,8,1,10
BRDA:55,9,0,14
BRDA:55,9,1,5
BRDA:55,9,2,5
BRDA:92,10,0,4
BRDA:92,10,1,5
BRDA:103,11,0,4
BRDA:103,11,1,5
BRDA:112,12,0,3
BRDA:112,12,1,6
BRF:25
BRH:18
end_of_record
